forrtl: error (78): process killed (SIGTERM)
Image              PC                Routine            Line        Source             
libgdma.so         000014B5D4A0810F  for__signal_handl     Unknown  Unknown
libpthread-2.28.s  000014B5E8696B20  Unknown               Unknown  Unknown
core.cpython-39-x  000014B5D82C51DD  Unknown               Unknown  Unknown
core.cpython-39-x  000014B5D8A2BC8F  Unknown               Unknown  Unknown
core.cpython-39-x  000014B5D7A499B6  Unknown               Unknown  Unknown
core.cpython-39-x  000014B5D8E13341  Unknown               Unknown  Unknown
core.cpython-39-x  000014B5D8E1217C  _ZN3psi11MintsHel     Unknown  Unknown
core.cpython-39-x  000014B5D97D3FB2  Unknown               Unknown  Unknown
core.cpython-39-x  000014B5D97D402B  Unknown               Unknown  Unknown
core.cpython-39-x  000014B5D942C84F  Unknown               Unknown  Unknown
python3.9          0000556A1AD69BF4  Unknown               Unknown  Unknown
python3.9          0000556A1AD63E1F  _PyObject_MakeTpC     Unknown  Unknown
python3.9          0000556A1ACFCF3F  Unknown               Unknown  Unknown
python3.9          0000556A1AD21731  Unknown               Unknown  Unknown
python3.9          0000556A1ADAA373  _PyFunction_Vecto     Unknown  Unknown
python3.9          0000556A1AD21731  Unknown               Unknown  Unknown
python3.9          0000556A1ADA95E2  Unknown               Unknown  Unknown
python3.9          0000556A1ADAA147  _PyFunction_Vecto     Unknown  Unknown
python3.9          0000556A1AD63657  _PyObject_Call        Unknown  Unknown
python3.9          0000556A1ADF12A2  _PyEval_EvalFrame     Unknown  Unknown
python3.9          0000556A1ADA95E2  Unknown               Unknown  Unknown
python3.9          0000556A1ADAA147  _PyFunction_Vecto     Unknown  Unknown
python3.9          0000556A1AD63657  _PyObject_Call        Unknown  Unknown
python3.9          0000556A1ADF12A2  _PyEval_EvalFrame     Unknown  Unknown
python3.9          0000556A1ADA95E2  Unknown               Unknown  Unknown
python3.9          0000556A1ADAA147  _PyFunction_Vecto     Unknown  Unknown
python3.9          0000556A1AD63657  _PyObject_Call        Unknown  Unknown
python3.9          0000556A1ADF12A2  _PyEval_EvalFrame     Unknown  Unknown
python3.9          0000556A1ADA97DB  Unknown               Unknown  Unknown
python3.9          0000556A1ADAA147  _PyFunction_Vecto     Unknown  Unknown
python3.9          0000556A1AD63657  _PyObject_Call        Unknown  Unknown
python3.9          0000556A1ADF12A2  _PyEval_EvalFrame     Unknown  Unknown
python3.9          0000556A1ADA95E2  Unknown               Unknown  Unknown
python3.9          0000556A1ADAA147  _PyFunction_Vecto     Unknown  Unknown
python3.9          0000556A1AD21A63  Unknown               Unknown  Unknown
python3.9          0000556A1ADA95E2  Unknown               Unknown  Unknown
python3.9          0000556A1AE58FBC  PyEval_EvalCodeEx     Unknown  Unknown
python3.9          0000556A1ADAA60B  PyEval_EvalCode       Unknown  Unknown
python3.9          0000556A1AE5906B  Unknown               Unknown  Unknown
python3.9          0000556A1AE8F5F5  Unknown               Unknown  Unknown
python3.9          0000556A1AE94807  PyRun_StringFlags     Unknown  Unknown
python3.9          0000556A1AE95232  Unknown               Unknown  Unknown
python3.9          0000556A1AD88791  Unknown               Unknown  Unknown
python3.9          0000556A1AD2268F  Unknown               Unknown  Unknown
python3.9          0000556A1ADA95E2  Unknown               Unknown  Unknown
python3.9          0000556A1AE58FBC  PyEval_EvalCodeEx     Unknown  Unknown
python3.9          0000556A1ADAA60B  PyEval_EvalCode       Unknown  Unknown
python3.9          0000556A1AE5906B  Unknown               Unknown  Unknown
python3.9          0000556A1AE8F5F5  Unknown               Unknown  Unknown
python3.9          0000556A1AD35B45  Unknown               Unknown  Unknown
python3.9          0000556A1AE9453F  PyRun_SimpleFileE     Unknown  Unknown
python3.9          0000556A1AE94B5D  Py_RunMain            Unknown  Unknown
python3.9          0000556A1AE94E29  Py_BytesMain          Unknown  Unknown
libc-2.28.so       000014B5E82E2493  __libc_start_main     Unknown  Unknown
python3.9          0000556A1AE16D44  Unknown               Unknown  Unknown
