forrtl: error (78): process killed (SIGTERM)
Image              PC                Routine            Line        Source             
libgdma.so         000014CD721C510F  for__signal_handl     Unknown  Unknown
libpthread-2.28.s  000014CD85E53B20  Unknown               Unknown  Unknown
core.cpython-39-x  000014CD75A823B5  Unknown               Unknown  Unknown
core.cpython-39-x  000014CD761E8C8F  Unknown               Unknown  Unknown
core.cpython-39-x  000014CD752069B6  Unknown               Unknown  Unknown
core.cpython-39-x  000014CD765D0341  Unknown               Unknown  Unknown
core.cpython-39-x  000014CD765CF17C  _ZN3psi11MintsHel     Unknown  Unknown
core.cpython-39-x  000014CD76F90FB2  Unknown               Unknown  Unknown
core.cpython-39-x  000014CD76F9102B  Unknown               Unknown  Unknown
core.cpython-39-x  000014CD76BE984F  Unknown               Unknown  Unknown
python3.9          00005608F2B06BF4  Unknown               Unknown  Unknown
python3.9          00005608F2B00E1F  _PyObject_MakeTpC     Unknown  Unknown
python3.9          00005608F2A99F3F  Unknown               Unknown  Unknown
python3.9          00005608F2ABE731  Unknown               Unknown  Unknown
python3.9          00005608F2B47373  _PyFunction_Vecto     Unknown  Unknown
python3.9          00005608F2ABE731  Unknown               Unknown  Unknown
python3.9          00005608F2B465E2  Unknown               Unknown  Unknown
python3.9          00005608F2B47147  _PyFunction_Vecto     Unknown  Unknown
python3.9          00005608F2B00657  _PyObject_Call        Unknown  Unknown
python3.9          00005608F2B8E2A2  _PyEval_EvalFrame     Unknown  Unknown
python3.9          00005608F2B465E2  Unknown               Unknown  Unknown
python3.9          00005608F2B47147  _PyFunction_Vecto     Unknown  Unknown
python3.9          00005608F2B00657  _PyObject_Call        Unknown  Unknown
python3.9          00005608F2B8E2A2  _PyEval_EvalFrame     Unknown  Unknown
python3.9          00005608F2B465E2  Unknown               Unknown  Unknown
python3.9          00005608F2B47147  _PyFunction_Vecto     Unknown  Unknown
python3.9          00005608F2B00657  _PyObject_Call        Unknown  Unknown
python3.9          00005608F2B8E2A2  _PyEval_EvalFrame     Unknown  Unknown
python3.9          00005608F2B467DB  Unknown               Unknown  Unknown
python3.9          00005608F2B47147  _PyFunction_Vecto     Unknown  Unknown
python3.9          00005608F2B00657  _PyObject_Call        Unknown  Unknown
python3.9          00005608F2B8E2A2  _PyEval_EvalFrame     Unknown  Unknown
python3.9          00005608F2B465E2  Unknown               Unknown  Unknown
python3.9          00005608F2B47147  _PyFunction_Vecto     Unknown  Unknown
python3.9          00005608F2ABEA63  Unknown               Unknown  Unknown
python3.9          00005608F2B465E2  Unknown               Unknown  Unknown
python3.9          00005608F2BF5FBC  PyEval_EvalCodeEx     Unknown  Unknown
python3.9          00005608F2B4760B  PyEval_EvalCode       Unknown  Unknown
python3.9          00005608F2BF606B  Unknown               Unknown  Unknown
python3.9          00005608F2C2C5F5  Unknown               Unknown  Unknown
python3.9          00005608F2C31807  PyRun_StringFlags     Unknown  Unknown
python3.9          00005608F2C32232  Unknown               Unknown  Unknown
python3.9          00005608F2B25791  Unknown               Unknown  Unknown
python3.9          00005608F2ABF68F  Unknown               Unknown  Unknown
python3.9          00005608F2B465E2  Unknown               Unknown  Unknown
python3.9          00005608F2BF5FBC  PyEval_EvalCodeEx     Unknown  Unknown
python3.9          00005608F2B4760B  PyEval_EvalCode       Unknown  Unknown
python3.9          00005608F2BF606B  Unknown               Unknown  Unknown
python3.9          00005608F2C2C5F5  Unknown               Unknown  Unknown
python3.9          00005608F2AD2B45  Unknown               Unknown  Unknown
python3.9          00005608F2C3153F  PyRun_SimpleFileE     Unknown  Unknown
python3.9          00005608F2C31B5D  Py_RunMain            Unknown  Unknown
python3.9          00005608F2C31E29  Py_BytesMain          Unknown  Unknown
libc-2.28.so       000014CD85A9F493  __libc_start_main     Unknown  Unknown
python3.9          00005608F2BB3D44  Unknown               Unknown  Unknown
