forrtl: error (78): process killed (SIGTERM)
Image              PC                Routine            Line        Source             
libgdma.so         000015485F2F710F  for__signal_handl     Unknown  Unknown
libpthread-2.28.s  0000154872F83B20  Unknown               Unknown  Unknown
core.cpython-39-x  0000154862358D09  Unknown               Unknown  Unknown
core.cpython-39-x  0000154862BB8BAE  Unknown               Unknown  Unknown
core.cpython-39-x  000015486331AC8F  Unknown               Unknown  Unknown
core.cpython-39-x  0000154862338E56  Unknown               Unknown  Unknown
core.cpython-39-x  0000154863702341  Unknown               Unknown  Unknown
core.cpython-39-x  000015486370117C  _ZN3psi11MintsHel     Unknown  Unknown
core.cpython-39-x  00001548640C2FB2  Unknown               Unknown  Unknown
core.cpython-39-x  00001548640C302B  Unknown               Unknown  Unknown
core.cpython-39-x  0000154863D1B84F  Unknown               Unknown  Unknown
python3.9          00005576E6A45BF4  Unknown               Unknown  Unknown
python3.9          00005576E6A3FE1F  _PyObject_MakeTpC     Unknown  Unknown
python3.9          00005576E69D8F3F  Unknown               Unknown  Unknown
python3.9          00005576E69FD731  Unknown               Unknown  Unknown
python3.9          00005576E6A86373  _PyFunction_Vecto     Unknown  Unknown
python3.9          00005576E69FD731  Unknown               Unknown  Unknown
python3.9          00005576E6A855E2  Unknown               Unknown  Unknown
python3.9          00005576E6A86147  _PyFunction_Vecto     Unknown  Unknown
python3.9          00005576E6A3F657  _PyObject_Call        Unknown  Unknown
python3.9          00005576E6ACD2A2  _PyEval_EvalFrame     Unknown  Unknown
python3.9          00005576E6A855E2  Unknown               Unknown  Unknown
python3.9          00005576E6A86147  _PyFunction_Vecto     Unknown  Unknown
python3.9          00005576E6A3F657  _PyObject_Call        Unknown  Unknown
python3.9          00005576E6ACD2A2  _PyEval_EvalFrame     Unknown  Unknown
python3.9          00005576E6A855E2  Unknown               Unknown  Unknown
python3.9          00005576E6A86147  _PyFunction_Vecto     Unknown  Unknown
python3.9          00005576E6A3F657  _PyObject_Call        Unknown  Unknown
python3.9          00005576E6ACD2A2  _PyEval_EvalFrame     Unknown  Unknown
python3.9          00005576E6A857DB  Unknown               Unknown  Unknown
python3.9          00005576E6A86147  _PyFunction_Vecto     Unknown  Unknown
python3.9          00005576E6A3F657  _PyObject_Call        Unknown  Unknown
python3.9          00005576E6ACD2A2  _PyEval_EvalFrame     Unknown  Unknown
python3.9          00005576E6A855E2  Unknown               Unknown  Unknown
python3.9          00005576E6A86147  _PyFunction_Vecto     Unknown  Unknown
python3.9          00005576E69FDA63  Unknown               Unknown  Unknown
python3.9          00005576E6A855E2  Unknown               Unknown  Unknown
python3.9          00005576E6B34FBC  PyEval_EvalCodeEx     Unknown  Unknown
python3.9          00005576E6A8660B  PyEval_EvalCode       Unknown  Unknown
python3.9          00005576E6B3506B  Unknown               Unknown  Unknown
python3.9          00005576E6B6B5F5  Unknown               Unknown  Unknown
python3.9          00005576E6B70807  PyRun_StringFlags     Unknown  Unknown
python3.9          00005576E6B71232  Unknown               Unknown  Unknown
python3.9          00005576E6A64791  Unknown               Unknown  Unknown
python3.9          00005576E69FE68F  Unknown               Unknown  Unknown
python3.9          00005576E6A855E2  Unknown               Unknown  Unknown
python3.9          00005576E6B34FBC  PyEval_EvalCodeEx     Unknown  Unknown
python3.9          00005576E6A8660B  PyEval_EvalCode       Unknown  Unknown
python3.9          00005576E6B3506B  Unknown               Unknown  Unknown
python3.9          00005576E6B6B5F5  Unknown               Unknown  Unknown
python3.9          00005576E6A11B45  Unknown               Unknown  Unknown
python3.9          00005576E6B7053F  PyRun_SimpleFileE     Unknown  Unknown
python3.9          00005576E6B70B5D  Py_RunMain            Unknown  Unknown
python3.9          00005576E6B70E29  Py_BytesMain          Unknown  Unknown
libc-2.28.so       0000154872BCF493  __libc_start_main     Unknown  Unknown
python3.9          00005576E6AF2D44  Unknown               Unknown  Unknown
