forrtl: error (78): process killed (SIGTERM)
Image              PC                Routine            Line        Source             
libgdma.so         000014D4C144C10F  for__signal_handl     Unknown  Unknown
libpthread-2.28.s  000014D4D50D8B20  Unknown               Unknown  Unknown
core.cpython-39-x  000014D4C4D0CF72  Unknown               Unknown  Unknown
core.cpython-39-x  000014D4C546FC8F  Unknown               Unknown  Unknown
core.cpython-39-x  000014D4C448DE56  Unknown               Unknown  Unknown
core.cpython-39-x  000014D4C5857341  Unknown               Unknown  Unknown
core.cpython-39-x  000014D4C585617C  _ZN3psi11MintsHel     Unknown  Unknown
core.cpython-39-x  000014D4C6217FB2  Unknown               Unknown  Unknown
core.cpython-39-x  000014D4C621802B  Unknown               Unknown  Unknown
core.cpython-39-x  000014D4C5E7084F  Unknown               Unknown  Unknown
python3.9          000056281149ABF4  Unknown               Unknown  Unknown
python3.9          0000562811494E1F  _PyObject_MakeTpC     Unknown  Unknown
python3.9          000056281142DF3F  Unknown               Unknown  Unknown
python3.9          0000562811452731  Unknown               Unknown  Unknown
python3.9          00005628114DB373  _PyFunction_Vecto     Unknown  Unknown
python3.9          0000562811452731  Unknown               Unknown  Unknown
python3.9          00005628114DA5E2  Unknown               Unknown  Unknown
python3.9          00005628114DB147  _PyFunction_Vecto     Unknown  Unknown
python3.9          0000562811494657  _PyObject_Call        Unknown  Unknown
python3.9          00005628115222A2  _PyEval_EvalFrame     Unknown  Unknown
python3.9          00005628114DA5E2  Unknown               Unknown  Unknown
python3.9          00005628114DB147  _PyFunction_Vecto     Unknown  Unknown
python3.9          0000562811494657  _PyObject_Call        Unknown  Unknown
python3.9          00005628115222A2  _PyEval_EvalFrame     Unknown  Unknown
python3.9          00005628114DA5E2  Unknown               Unknown  Unknown
python3.9          00005628114DB147  _PyFunction_Vecto     Unknown  Unknown
python3.9          0000562811494657  _PyObject_Call        Unknown  Unknown
python3.9          00005628115222A2  _PyEval_EvalFrame     Unknown  Unknown
python3.9          00005628114DA7DB  Unknown               Unknown  Unknown
python3.9          00005628114DB147  _PyFunction_Vecto     Unknown  Unknown
python3.9          0000562811494657  _PyObject_Call        Unknown  Unknown
python3.9          00005628115222A2  _PyEval_EvalFrame     Unknown  Unknown
python3.9          00005628114DA5E2  Unknown               Unknown  Unknown
python3.9          00005628114DB147  _PyFunction_Vecto     Unknown  Unknown
python3.9          0000562811452A63  Unknown               Unknown  Unknown
python3.9          00005628114DA5E2  Unknown               Unknown  Unknown
python3.9          0000562811589FBC  PyEval_EvalCodeEx     Unknown  Unknown
python3.9          00005628114DB60B  PyEval_EvalCode       Unknown  Unknown
python3.9          000056281158A06B  Unknown               Unknown  Unknown
python3.9          00005628115C05F5  Unknown               Unknown  Unknown
python3.9          00005628115C5807  PyRun_StringFlags     Unknown  Unknown
python3.9          00005628115C6232  Unknown               Unknown  Unknown
python3.9          00005628114B9791  Unknown               Unknown  Unknown
python3.9          000056281145368F  Unknown               Unknown  Unknown
python3.9          00005628114DA5E2  Unknown               Unknown  Unknown
python3.9          0000562811589FBC  PyEval_EvalCodeEx     Unknown  Unknown
python3.9          00005628114DB60B  PyEval_EvalCode       Unknown  Unknown
python3.9          000056281158A06B  Unknown               Unknown  Unknown
python3.9          00005628115C05F5  Unknown               Unknown  Unknown
python3.9          0000562811466B45  Unknown               Unknown  Unknown
python3.9          00005628115C553F  PyRun_SimpleFileE     Unknown  Unknown
python3.9          00005628115C5B5D  Py_RunMain            Unknown  Unknown
python3.9          00005628115C5E29  Py_BytesMain          Unknown  Unknown
libc-2.28.so       000014D4D4D24493  __libc_start_main     Unknown  Unknown
python3.9          0000562811547D44  Unknown               Unknown  Unknown
