 163 displacements needed.
 1 2 3 4 5 6 7 8 9 10 11 12 13 14 15 16 17 18 19 20 21 22 23 24 25 26 27 28 29 30 31 32 33 34 35 36 37 38 39 40 41 42 43 44 45 46 47 48 49 50 51 52 53 54 55 56 57 58 59 60 61 62 63 64 65 66 67 68 69 70 71 72 73 74 75 76 77 78 79 80 81 82 83 84 85 86 87 88 89 90 91 92 93 94 95 96 97 98 99 100 101 102 103 104 105 106 107 108 109 110 111 112 113 114 115 116 117 118 119 120 121 122 123 124 125 126 127 128 129 130 131 132 133 134 135 136 137 138 139 140 141 142 143 144 145 146 147 148 149 150 151 152 153 154 155 156 157 158 159 160 161 162 163
Warning: thermodynamics relations excluded imaginary frequencies: ['1418.4872i' '697.4133i' '379.1355i' '257.9307i']
Warning: used thermodynamics relations inappropriate for low-frequency modes: ['53.6412' '56.9151' '92.8434' '128.2535' '139.5279' '170.0289' '229.2081'
 '264.9676' '298.2713' '371.8016' '412.1079' '440.8259' '457.0602'
 '466.3722' '560.9349' '586.3413' '596.8591' '623.3854']
Optimizer: Optimization complete!
At level 1: Red. Int., RFO, no backsteps, dynamic trust
At level 1: Red. Int., RFO, no backsteps, dynamic trust
At level 1: Red. Int., RFO, no backsteps, dynamic trust
At level 1: Red. Int., RFO, no backsteps, dynamic trust
At level 1: Red. Int., RFO, no backsteps, dynamic trust
At level 1: Red. Int., RFO, no backsteps, dynamic trust
At level 1: Red. Int., RFO, no backsteps, dynamic trust
At level 1: Red. Int., RFO, no backsteps, dynamic trust
At level 1: Red. Int., RFO, no backsteps, dynamic trust
At level 1: Red. Int., RFO, no backsteps, dynamic trust
At level 1: Red. Int., RFO, no backsteps, dynamic trust
At level 1: Red. Int., RFO, no backsteps, dynamic trust
At level 1: Red. Int., RFO, no backsteps, dynamic trust
At level 1: Red. Int., RFO, no backsteps, dynamic trust
At level 1: Red. Int., RFO, no backsteps, dynamic trust
At level 1: Red. Int., RFO, no backsteps, dynamic trust
At level 1: Red. Int., RFO, no backsteps, dynamic trust
At level 1: Red. Int., RFO, no backsteps, dynamic trust
At level 1: Red. Int., RFO, no backsteps, dynamic trust
At level 1: Red. Int., RFO, no backsteps, dynamic trust
At level 1: Red. Int., RFO, no backsteps, dynamic trust
At level 1: Red. Int., RFO, no backsteps, dynamic trust
At level 1: Red. Int., RFO, no backsteps, dynamic trust
At level 1: Red. Int., RFO, no backsteps, dynamic trust
At level 1: Red. Int., RFO, no backsteps, dynamic trust
At level 1: Red. Int., RFO, no backsteps, dynamic trust
At level 1: Red. Int., RFO, no backsteps, dynamic trust
At level 1: Red. Int., RFO, no backsteps, dynamic trust
At level 1: Red. Int., RFO, no backsteps, dynamic trust
At level 1: Red. Int., RFO, no backsteps, dynamic trust
At level 1: Red. Int., RFO, no backsteps, dynamic trust
At level 1: Red. Int., RFO, no backsteps, dynamic trust
At level 1: Red. Int., RFO, no backsteps, dynamic trust
At level 1: Red. Int., RFO, no backsteps, dynamic trust
At level 1: Red. Int., RFO, no backsteps, dynamic trust
At level 1: Red. Int., RFO, no backsteps, dynamic trust
At level 1: Red. Int., RFO, no backsteps, dynamic trust
At level 1: Red. Int., RFO, no backsteps, dynamic trust
At level 1: Red. Int., RFO, no backsteps, dynamic trust
At level 1: Red. Int., RFO, no backsteps, dynamic trust
At level 1: Red. Int., RFO, no backsteps, dynamic trust
At level 1: Red. Int., RFO, no backsteps, dynamic trust
At level 1: Red. Int., RFO, no backsteps, dynamic trust
 
 
+------------------------------------------+ 
| PALMETTO CLUSTER PBS RESOURCES REQUESTED | 
+------------------------------------------+ 
 
mem=62gb,walltime=60:00:00,ncpus=16
 
 
+-------------------------------------+ 
| PALMETTO CLUSTER PBS RESOURCES USED | 
+-------------------------------------+ 
 
cput=24:13:29,mem=15687420kb,walltime=24:18:46,ncpus=16,cpupercent=99,vmem=14867976kb
 
 
