Optimizer: Optimization failed!
Traceback (most recent call last):
  File "/home/maxbuskirk/.conda/envs/psifour/bin/psi4", line 333, in <module>
    exec(content)
  File "<string>", line 58, in <module>
  File "/home/maxbuskirk/.conda/envs/psifour/lib//python3.9/site-packages/psi4/driver/driver.py", line 1433, in optimize
    raise OptimizationConvergenceError("""geometry optimization""", n - 1, wfn)

psi4.driver.p4util.exceptions.OptimizationConvergenceError: Could not converge geometry optimization in 10 iterations.

Printing out the relevant lines from the Psithon --> Python processed input file:
    core.set_global_option("BASIS", "cc-pVDZ")
    core.set_global_option("REFERENCE", "rhf")
    core.set_global_option("GEOM_MAXITER", 400)
    mol.update_geometry()
    mol.symmetrize(1e-3)
--> e, wfn = optimize('mp2', return_wfn=True)
    oeprop(wfn, "MULLIKEN_CHARGES")
    mol.print_out()
    print_variables()


!-------------------------------------------------------------!
!                                                             !
!  Could not converge geometry optimization in 10 iterations. !
!                                                             !
!-------------------------------------------------------------!

 
 
+------------------------------------------+ 
| PALMETTO CLUSTER PBS RESOURCES REQUESTED | 
+------------------------------------------+ 
 
mem=12gb,walltime=10:00:00,ncpus=10
 
 
+-------------------------------------+ 
| PALMETTO CLUSTER PBS RESOURCES USED | 
+-------------------------------------+ 
 
cput=00:14:27,mem=2616576kb,walltime=00:14:32,ncpus=10,cpupercent=86,vmem=4825600kb
 
 
