forrtl: error (78): process killed (SIGTERM)
Image              PC                Routine            Line        Source             
libgdma.so         000014FF2F0E410F  for__signal_handl     Unknown  Unknown
libpthread-2.28.s  000014FF42D70B20  Unknown               Unknown  Unknown
core.cpython-39-x  000014FF329A4736  Unknown               Unknown  Unknown
core.cpython-39-x  000014FF33107C8F  Unknown               Unknown  Unknown
core.cpython-39-x  000014FF32125E56  Unknown               Unknown  Unknown
core.cpython-39-x  000014FF334EF341  Unknown               Unknown  Unknown
core.cpython-39-x  000014FF334EE17C  _ZN3psi11MintsHel     Unknown  Unknown
core.cpython-39-x  000014FF33EAFFB2  Unknown               Unknown  Unknown
core.cpython-39-x  000014FF33EB002B  Unknown               Unknown  Unknown
core.cpython-39-x  000014FF33B0884F  Unknown               Unknown  Unknown
python3.9          000055FA807EFBF4  Unknown               Unknown  Unknown
python3.9          000055FA807E9E1F  _PyObject_MakeTpC     Unknown  Unknown
python3.9          000055FA80782F3F  Unknown               Unknown  Unknown
python3.9          000055FA807A7731  Unknown               Unknown  Unknown
python3.9          000055FA80830373  _PyFunction_Vecto     Unknown  Unknown
python3.9          000055FA807A7731  Unknown               Unknown  Unknown
python3.9          000055FA8082F5E2  Unknown               Unknown  Unknown
python3.9          000055FA80830147  _PyFunction_Vecto     Unknown  Unknown
python3.9          000055FA807E9657  _PyObject_Call        Unknown  Unknown
python3.9          000055FA808772A2  _PyEval_EvalFrame     Unknown  Unknown
python3.9          000055FA8082F5E2  Unknown               Unknown  Unknown
python3.9          000055FA80830147  _PyFunction_Vecto     Unknown  Unknown
python3.9          000055FA807E9657  _PyObject_Call        Unknown  Unknown
python3.9          000055FA808772A2  _PyEval_EvalFrame     Unknown  Unknown
python3.9          000055FA8082F5E2  Unknown               Unknown  Unknown
python3.9          000055FA80830147  _PyFunction_Vecto     Unknown  Unknown
python3.9          000055FA807E9657  _PyObject_Call        Unknown  Unknown
python3.9          000055FA808772A2  _PyEval_EvalFrame     Unknown  Unknown
python3.9          000055FA8082F7DB  Unknown               Unknown  Unknown
python3.9          000055FA80830147  _PyFunction_Vecto     Unknown  Unknown
python3.9          000055FA807E9657  _PyObject_Call        Unknown  Unknown
python3.9          000055FA808772A2  _PyEval_EvalFrame     Unknown  Unknown
python3.9          000055FA8082F5E2  Unknown               Unknown  Unknown
python3.9          000055FA80830147  _PyFunction_Vecto     Unknown  Unknown
python3.9          000055FA807A7A63  Unknown               Unknown  Unknown
python3.9          000055FA8082F5E2  Unknown               Unknown  Unknown
python3.9          000055FA808DEFBC  PyEval_EvalCodeEx     Unknown  Unknown
python3.9          000055FA8083060B  PyEval_EvalCode       Unknown  Unknown
python3.9          000055FA808DF06B  Unknown               Unknown  Unknown
python3.9          000055FA809155F5  Unknown               Unknown  Unknown
python3.9          000055FA8091A807  PyRun_StringFlags     Unknown  Unknown
python3.9          000055FA8091B232  Unknown               Unknown  Unknown
python3.9          000055FA8080E791  Unknown               Unknown  Unknown
python3.9          000055FA807A868F  Unknown               Unknown  Unknown
python3.9          000055FA8082F5E2  Unknown               Unknown  Unknown
python3.9          000055FA808DEFBC  PyEval_EvalCodeEx     Unknown  Unknown
python3.9          000055FA8083060B  PyEval_EvalCode       Unknown  Unknown
python3.9          000055FA808DF06B  Unknown               Unknown  Unknown
python3.9          000055FA809155F5  Unknown               Unknown  Unknown
python3.9          000055FA807BBB45  Unknown               Unknown  Unknown
python3.9          000055FA8091A53F  PyRun_SimpleFileE     Unknown  Unknown
python3.9          000055FA8091AB5D  Py_RunMain            Unknown  Unknown
python3.9          000055FA8091AE29  Py_BytesMain          Unknown  Unknown
libc-2.28.so       000014FF429BC493  __libc_start_main     Unknown  Unknown
python3.9          000055FA8089CD44  Unknown               Unknown  Unknown
