 157 displacements needed.
 1 2 3 4 5 6 7 8 9 10 11 12 13 14 15 16 17 18 19 20 21 22 23 24 25 26 27 28 29 30 31 32 33 34 35 36 37 38 39 40 41 42 43 44 45 46 47 48 49 50 51 52 53 54 55 56 57 58 59 60 61 62 63 64 65 66 67 68 69 70 71 72 73 74 75 76 77 78 79 80 81 82 83 84 85 86 87 88 89 90 91 92 93 94 95 96 97 98 99 100 101 102 103 104 105 106 107 108 109 110 111 112 113 114 115 116 117 118 119 120 121 122 123 124 125 126 127 128 129 130 131 132 133 134 135 136 137 138 139 140 141 142 143 144 145 146 147 148 149 150 151 152 153 154 155 156 157
Warning: thermodynamics relations excluded imaginary frequencies: ['2145.5975i' '2050.3778i' '123.4756i' '63.6332i' '37.0151i' '31.9150i']
Warning: used thermodynamics relations inappropriate for low-frequency modes: ['77.4310' '79.8049' '174.0592' '239.5875' '302.6976' '311.2686'
 '392.6705' '405.5104' '488.3504' '515.6347' '549.9472' '601.5464'
 '615.7219']
 157 displacements needed.
 1 2 3 4 5 6 7 8 9 10 11 12 13 14 15 16 17 18 19 20 21 22 23 24 25 26 27 28 29 30 31 32 33 34 35 36 37 38 39 40 41 42 43 44 45 46 47 48 49 50 51 52 53 54 55 56 57 58 59 60 61 62 63 64 65 66 67 68 69 70 71 72 73 74 75 76 77 78 79 80 81 82 83 84 85 86 87 88 89 90 91 92 93 94 95 96 97 98 99 100 101 102 103 104 105 106 107 108 109 110 111 112 113 114 115 116 117 118 119 120 121 122 123 124 125 126 127 128 129 130 131 132 133 134 135 136 137 138 139 140 141 142 143 144 145 146 147 148 149 150 151 152 153 154 155 156 157
Warning: thermodynamics relations excluded imaginary frequencies: ['1058.1850i' '933.9967i' '82.5866i' '41.7262i']
Warning: used thermodynamics relations inappropriate for low-frequency modes: ['12.4280' '29.8671' '87.0923' '102.8056' '179.6998' '239.5053' '305.6489'
 '311.0410' '387.3615' '402.2217' '496.9004' '513.2896' '547.8819'
 '607.8065' '616.7527']
 157 displacements needed.
 1 2 3 4 5 6 7 8 9 10 11 12 13 14 15 16 17 18 19 20 21 22 23 24 25 26 27 28 29 30 31 32 33 34 35 36 37 38 39 40 41 42 43 44 45 46 47 48 49 50 51 52 53 54 55 56 57 58 59 60 61 62 63 64 65 66 67 68 69 70 71 72 73 74 75 76 77 78 79 80 81 82 83 84 85 86 87 88 89 90 91 92 93 94 95 96 97 98 99 100 101 102 103 104 105 106 107 108 109 110 111 112 113 114 115 116 117 118 119 120 121 122 123 124 125 126 127 128 129 130 131 132 133 134 135 136 137 138 139 140 141 142 143 144 145 146 147 148 149 150 151 152 153 154 155 156 157
Warning: thermodynamics relations excluded imaginary frequencies: ['626.3720i' '566.3728i' '55.3305i' '24.5583i']
Warning: used thermodynamics relations inappropriate for low-frequency modes: ['25.8333' '46.3155' '100.3826' '122.3498' '181.0453' '256.1250'
 '306.3356' '319.8043' '391.1658' '402.9215' '498.4121' '519.3570'
 '556.5487' '614.8597']
 151 displacements needed.
 1 2 3 4 5 6 7 8 9 10 11 12 13 14 15 16 17 18 19 20 21 22 23 24 25 26 27 28 29 30 31 32 33 34 35 36 37 38 39 40 41 42 43 44 45 46 47 48 49 50 51 52 53 54 55 56 57 58 59 60 61 62 63 64 65 66 67 68 69 70 71 72 73 74 75 76 77 78 79 80 81 82 83 84 85 86 87 88 89 90 91 92 93 94 95 96 97 98 99 100 101 102 103 104 105 106 107 108 109 110 111 112 113 114 115 116 117 118 119 120 121 122 123 124 125 126 127 128 129 130 131 132 133 134 135 136 137 138 139 140 141 142 143 144 145 146 147 148 149 150 151
Warning: thermodynamics relations excluded imaginary frequencies: ['252.4662i' '72.3740i']
Warning: used thermodynamics relations inappropriate for low-frequency modes: ['64.7011' '108.0577' '192.7131' '207.7953' '301.1341' '314.4045'
 '377.6359' '401.4127' '494.3461' '515.5453' '552.8176' '563.0509'
 '615.7543']
 151 displacements needed.
 1 2 3 4 5 6 7 8 9 10 11 12 13 14 15 16 17 18 19 20 21 22 23 24 25 26 27 28 29 30 31 32 33 34 35 36 37 38 39 40 41 42 43 44 45 46 47 48 49 50 51 52 53 54 55 56 57 58 59 60 61 62 63 64 65 66 67 68 69 70 71 72 73 74 75 76 77 78 79 80 81 82 83 84 85 86 87 88 89 90 91 92 93 94 95 96 97 98 99 100 101 102 103 104 105 106 107 108 109 110 111 112 113 114 115 116 117 118 119 120 121 122 123 124 125 126 127 128 129 130 131 132 133 134 135 136 137 138 139 140 141 142 143 144 145 146 147 148 149 150 151
Warning: used thermodynamics relations inappropriate for low-frequency modes: ['3.9170' '68.9783' '99.9013' '135.2686' '214.9451' '299.2764' '306.9049'
 '376.6222' '400.1894' '422.0803' '498.9485' '519.9697' '569.1353'
 '616.0855']
 151 displacements needed.
 1 2 3 4 5 6 7 8 9 10 11 12 13 14 15 16 17 18 19 20 21 22 23 24 25 26 27 28 29 30 31 32 33 34 35 36 37 38 39 40 41 42 43 44 45 46 47 48 49 50 51 52 53 54 55 56 57 58 59 60 61 62 63 64 65 66 67 68 69 70 71 72 73 74 75 76 77 78 79 80 81 82 83 84 85 86 87 88 89 90 91 92 93 94 95 96 97 98 99 100 101 102 103 104 105 106 107 108 109 110 111 112 113 114 115 116 117 118 119 120 121 122 123 124 125 126 127 128 129 130 131 132 133 134 135 136 137 138 139 140 141 142 143 144 145 146 147 148 149 150 151
Warning: thermodynamics relations excluded imaginary frequencies: ['198.5643i']
Warning: used thermodynamics relations inappropriate for low-frequency modes: ['44.4737' '104.1422' '122.8295' '192.9490' '242.6002' '302.4479'
 '315.0251' '384.5421' '400.7629' '495.7729' '519.5370' '569.1169'
 '616.5054']
 151 displacements needed.
 1 2 3 4 5 6 7 8 9 10 11 12 13 14 15 16 17 18 19 20 21 22 23 24 25 26 27 28 29 30 31 32 33 34 35 36 37 38 39 40 41 42 43 44 45 46 47 48 49 50 51 52 53 54 55 56 57 58 59 60 61 62 63 64 65 66 67 68 69 70 71 72 73 74 75 76 77 78 79 80 81 82 83 84 85 86 87 88 89 90 91 92 93 94 95 96 97 98 99 100 101 102 103 104 105 106 107 108 109 110 111 112 113 114 115 116 117 118 119 120 121 122 123 124 125 126 127 128 129 130 131 132 133 134 135 136 137 138 139 140 141 142 143 144 145 146 147 148 149 150 151
Warning: thermodynamics relations excluded imaginary frequencies: ['125.5183i']
Warning: used thermodynamics relations inappropriate for low-frequency modes: ['40.0081' '98.7633' '134.2980' '208.4254' '243.9599' '300.0204'
 '314.4593' '376.6421' '400.1834' '494.6790' '518.1139' '568.4638'
 '616.4999' '620.8490']
 151 displacements needed.
 1 2 3 4 5 6 7 8 9 10 11 12 13 14 15 16 17 18 19 20 21 22 23 24 25 26 27 28 29 30 31 32 33 34 35 36 37 38 39 40 41 42 43 44 45 46 47 48 49 50 51 52 53 54 55 56 57 58 59 60 61 62 63 64 65 66 67 68 69 70 71 72 73 74 75 76 77 78 79 80 81 82 83 84 85 86 87 88 89 90 91 92 93 94 95 96 97 98 99 100 101 102 103 104 105 106 107 108 109 110 111 112 113 114 115 116 117 118 119 120 121 122 123 124 125 126 127 128 129 130 131 132 133 134 135 136 137 138 139 140 141 142 143 144 145 146 147 148 149 150 151
Warning: thermodynamics relations excluded imaginary frequencies: ['263.8438i']
Warning: used thermodynamics relations inappropriate for low-frequency modes: ['39.4223' '96.3960' '119.7238' '170.9735' '247.1591' '299.1448'
 '314.9606' '377.5777' '400.1557' '493.1322' '517.7363' '569.6068'
 '615.8081' '617.0505']
 151 displacements needed.
 1 2 3 4 5 6 7 8 9 10 11 12 13 14 15 16 17 18 19 20 21 22 23 24 25 26 27 28 29 30 31 32 33 34 35 36 37 38 39 40 41 42 43 44 45 46 47 48 49 50 51 52 53 54 55 56 57 58 59 60 61 62 63 64 65 66 67 68 69 70 71 72 73 74 75 76 77 78 79 80 81 82 83 84 85 86 87 88 89 90 91 92 93 94 95 96 97 98 99 100 101 102 103 104 105 106 107 108 109 110 111 112 113 114 115 116 117 118 119 120 121 122 123 124 125 126 127 128 129 130 131 132 133 134 135 136 137 138 139 140 141 142 143 144 145 146 147 148 149 150 151
Warning: thermodynamics relations excluded imaginary frequencies: ['242.3118i']
Warning: used thermodynamics relations inappropriate for low-frequency modes: ['39.4318' '97.6739' '121.5547' '177.1202' '247.0130' '299.7115'
 '314.8741' '378.8680' '400.2028' '493.8814' '517.8497' '568.5443'
 '616.7140' '621.7239']
Optimizer: Optimization complete!
 
 
+------------------------------------------+ 
| PALMETTO CLUSTER PBS RESOURCES REQUESTED | 
+------------------------------------------+ 
 
mem=32gb,walltime=48:00:00,ncpus=15
 
 
+-------------------------------------+ 
| PALMETTO CLUSTER PBS RESOURCES USED | 
+-------------------------------------+ 
 
cput=24:23:57,mem=4702204kb,walltime=24:29:35,ncpus=15,cpupercent=99,vmem=5138516kb
 
 
