forrtl: error (78): process killed (SIGTERM)
Image              PC                Routine            Line        Source             
libgdma.so         0000148BE768A10F  for__signal_handl     Unknown  Unknown
libpthread-2.28.s  0000148BFB318B20  Unknown               Unknown  Unknown
core.cpython-39-x  0000148BEAF46D26  Unknown               Unknown  Unknown
core.cpython-39-x  0000148BEB6ADC8F  Unknown               Unknown  Unknown
core.cpython-39-x  0000148BEA6CB9B6  Unknown               Unknown  Unknown
core.cpython-39-x  0000148BEBA95341  Unknown               Unknown  Unknown
core.cpython-39-x  0000148BEBA9417C  _ZN3psi11MintsHel     Unknown  Unknown
core.cpython-39-x  0000148BEC455FB2  Unknown               Unknown  Unknown
core.cpython-39-x  0000148BEC45602B  Unknown               Unknown  Unknown
core.cpython-39-x  0000148BEC0AE84F  Unknown               Unknown  Unknown
python3.9          000055BB29AAEBF4  Unknown               Unknown  Unknown
python3.9          000055BB29AA8E1F  _PyObject_MakeTpC     Unknown  Unknown
python3.9          000055BB29A41F3F  Unknown               Unknown  Unknown
python3.9          000055BB29A66731  Unknown               Unknown  Unknown
python3.9          000055BB29AEF373  _PyFunction_Vecto     Unknown  Unknown
python3.9          000055BB29A66731  Unknown               Unknown  Unknown
python3.9          000055BB29AEE5E2  Unknown               Unknown  Unknown
python3.9          000055BB29AEF147  _PyFunction_Vecto     Unknown  Unknown
python3.9          000055BB29AA8657  _PyObject_Call        Unknown  Unknown
python3.9          000055BB29B362A2  _PyEval_EvalFrame     Unknown  Unknown
python3.9          000055BB29AEE5E2  Unknown               Unknown  Unknown
python3.9          000055BB29AEF147  _PyFunction_Vecto     Unknown  Unknown
python3.9          000055BB29AA8657  _PyObject_Call        Unknown  Unknown
python3.9          000055BB29B362A2  _PyEval_EvalFrame     Unknown  Unknown
python3.9          000055BB29AEE5E2  Unknown               Unknown  Unknown
python3.9          000055BB29AEF147  _PyFunction_Vecto     Unknown  Unknown
python3.9          000055BB29AA8657  _PyObject_Call        Unknown  Unknown
python3.9          000055BB29B362A2  _PyEval_EvalFrame     Unknown  Unknown
python3.9          000055BB29AEE7DB  Unknown               Unknown  Unknown
python3.9          000055BB29AEF147  _PyFunction_Vecto     Unknown  Unknown
python3.9          000055BB29AA8657  _PyObject_Call        Unknown  Unknown
python3.9          000055BB29B362A2  _PyEval_EvalFrame     Unknown  Unknown
python3.9          000055BB29AEE5E2  Unknown               Unknown  Unknown
python3.9          000055BB29AEF147  _PyFunction_Vecto     Unknown  Unknown
python3.9          000055BB29A66A63  Unknown               Unknown  Unknown
python3.9          000055BB29AEE5E2  Unknown               Unknown  Unknown
python3.9          000055BB29B9DFBC  PyEval_EvalCodeEx     Unknown  Unknown
python3.9          000055BB29AEF60B  PyEval_EvalCode       Unknown  Unknown
python3.9          000055BB29B9E06B  Unknown               Unknown  Unknown
python3.9          000055BB29BD45F5  Unknown               Unknown  Unknown
python3.9          000055BB29BD9807  PyRun_StringFlags     Unknown  Unknown
python3.9          000055BB29BDA232  Unknown               Unknown  Unknown
python3.9          000055BB29ACD791  Unknown               Unknown  Unknown
python3.9          000055BB29A6768F  Unknown               Unknown  Unknown
python3.9          000055BB29AEE5E2  Unknown               Unknown  Unknown
python3.9          000055BB29B9DFBC  PyEval_EvalCodeEx     Unknown  Unknown
python3.9          000055BB29AEF60B  PyEval_EvalCode       Unknown  Unknown
python3.9          000055BB29B9E06B  Unknown               Unknown  Unknown
python3.9          000055BB29BD45F5  Unknown               Unknown  Unknown
python3.9          000055BB29A7AB45  Unknown               Unknown  Unknown
python3.9          000055BB29BD953F  PyRun_SimpleFileE     Unknown  Unknown
python3.9          000055BB29BD9B5D  Py_RunMain            Unknown  Unknown
python3.9          000055BB29BD9E29  Py_BytesMain          Unknown  Unknown
libc-2.28.so       0000148BFAF64493  __libc_start_main     Unknown  Unknown
python3.9          000055BB29B5BD44  Unknown               Unknown  Unknown
