 181 displacements needed.
 1 2 3 4 5 6 7 8 9 10 11 12 13 14 15 16 17 18 19 20 21 22 23 24 25 26 27 28 29 30 31 32 33 34 35 36 37 38 39 40 41 42 43 44 45 46 47 48 49 50 51 52 53 54 55 56 57 58 59 60 61 62 63 64 65 66 67 68 69 70 71 72 73 74 75 76 77 78 79 80 81 82 83 84 85 86 87 88 89 90 91 92 93 94 95 96 97 98 99 100 101 102 103 104 105 106 107 108 109 110 111 112 113 114 115 116 117 118 119 120 121 122 123 124 125 126 127 128 129 130 131 132 133 134 135 136 137 138 139 140 141 142 143 144 145 146 147 148 149 150 151 152 153 154 155 156 157 158 159 160 161 162 163 164 165 166 167 168 169 170 171 172 173 174 175 176 177 178 179 180 181
Warning: thermodynamics relations excluded imaginary frequencies: ['1419.6205i' '698.1933i' '258.3190i' '66.4839i']
Warning: used thermodynamics relations inappropriate for low-frequency modes: ['46.1455' '57.2213' '96.3622' '117.8166' '128.9999' '180.8856' '229.5530'
 '246.0892' '289.0379' '353.0125' '401.7413' '435.9317' '454.3880'
 '460.9910' '520.3858' '534.1379' '560.6326' '596.5677' '608.6047'
 '625.2597']
Optimizer: Optimization complete!
At level 1: Red. Int., RFO, no backsteps, dynamic trust
At level 1: Red. Int., RFO, no backsteps, dynamic trust
At level 1: Red. Int., RFO, no backsteps, dynamic trust
At level 1: Red. Int., RFO, no backsteps, dynamic trust
At level 1: Red. Int., RFO, no backsteps, dynamic trust
At level 1: Red. Int., RFO, no backsteps, dynamic trust
At level 1: Red. Int., RFO, no backsteps, dynamic trust
At level 1: Red. Int., RFO, no backsteps, dynamic trust
At level 1: Red. Int., RFO, no backsteps, dynamic trust
At level 1: Red. Int., RFO, no backsteps, dynamic trust
At level 1: Red. Int., RFO, no backsteps, dynamic trust
At level 1: Red. Int., RFO, no backsteps, dynamic trust
At level 1: Red. Int., RFO, no backsteps, dynamic trust
At level 1: Red. Int., RFO, no backsteps, dynamic trust
At level 1: Red. Int., RFO, no backsteps, dynamic trust
At level 1: Red. Int., RFO, no backsteps, dynamic trust
At level 1: Red. Int., RFO, no backsteps, dynamic trust
At level 1: Red. Int., RFO, no backsteps, dynamic trust
At level 1: Red. Int., RFO, no backsteps, dynamic trust
At level 1: Red. Int., RFO, no backsteps, dynamic trust
At level 1: Red. Int., RFO, no backsteps, dynamic trust
At level 1: Red. Int., RFO, no backsteps, dynamic trust
At level 1: Red. Int., RFO, no backsteps, dynamic trust
At level 1: Red. Int., RFO, no backsteps, dynamic trust
At level 1: Red. Int., RFO, no backsteps, dynamic trust
At level 1: Red. Int., RFO, no backsteps, dynamic trust
At level 1: Red. Int., RFO, no backsteps, dynamic trust
At level 1: Red. Int., RFO, no backsteps, dynamic trust
At level 1: Red. Int., RFO, no backsteps, dynamic trust
At level 1: Red. Int., RFO, no backsteps, dynamic trust
At level 1: Red. Int., RFO, no backsteps, dynamic trust
At level 1: Red. Int., RFO, no backsteps, dynamic trust
At level 1: Red. Int., RFO, no backsteps, dynamic trust
At level 1: Red. Int., RFO, no backsteps, dynamic trust
At level 1: Red. Int., RFO, no backsteps, dynamic trust
At level 1: Red. Int., RFO, no backsteps, dynamic trust
At level 1: Red. Int., RFO, no backsteps, dynamic trust
At level 1: Red. Int., RFO, no backsteps, dynamic trust
At level 1: Red. Int., RFO, no backsteps, dynamic trust
At level 1: Red. Int., RFO, no backsteps, dynamic trust
At level 1: Red. Int., RFO, no backsteps, dynamic trust
 
 
+------------------------------------------+ 
| PALMETTO CLUSTER PBS RESOURCES REQUESTED | 
+------------------------------------------+ 
 
mem=62gb,walltime=60:00:00,ncpus=16
 
 
+-------------------------------------+ 
| PALMETTO CLUSTER PBS RESOURCES USED | 
+-------------------------------------+ 
 
cput=36:36:38,mem=19199424kb,walltime=36:44:09,ncpus=16,cpupercent=99,vmem=19742912kb
 
 
